{"contracts\\DaoGovernance.sol":{"l":{"65":96,"66":96,"67":96,"68":96,"69":96,"70":96,"71":96,"72":96,"73":96,"81":69,"82":61,"86":95,"87":93,"88":93,"93":2,"94":2,"98":33,"99":33,"100":32,"104":3,"105":3,"106":2,"110":4,"111":4,"112":2,"117":17,"118":16,"119":16,"120":16,"121":4,"123":16,"124":15,"128":15,"133":9,"134":8,"135":7,"136":7,"140":4,"141":2,"142":2,"143":2,"148":11,"149":10,"150":10,"151":10,"155":4,"156":2,"157":2,"158":2,"163":10,"164":9,"165":9,"166":9,"167":9,"168":9,"169":9,"170":9,"171":9,"172":9,"176":9,"177":9,"178":8,"179":6,"180":6,"181":5,"183":5,"184":5,"188":5,"189":5,"190":4,"191":3,"192":3,"193":3,"194":3,"195":3,"196":3,"201":1,"204":1,"207":1,"210":1,"213":1,"216":1,"219":3,"220":1,"225":1,"230":9,"231":3,"233":6,"234":6,"235":6,"236":9,"237":9,"239":6,"240":6,"241":9,"242":9,"243":9,"245":6},"path":"C:\\Users\\juanp\\source\\repos\\ObligatorioTaller2\\backend\\contracts\\DaoGovernance.sol","s":{"1":69,"2":95,"3":93,"4":2,"5":33,"6":33,"7":3,"8":3,"9":4,"10":4,"11":17,"12":16,"13":16,"14":16,"15":16,"16":15,"17":15,"18":9,"19":8,"20":4,"21":2,"22":2,"23":11,"24":10,"25":4,"26":2,"27":2,"28":10,"29":9,"30":9,"31":9,"32":9,"33":8,"34":6,"35":6,"36":5,"37":5,"38":5,"39":5,"40":4,"41":3,"42":3,"43":3,"44":3,"45":3,"46":3,"47":1,"48":9,"49":3,"50":6,"51":6,"52":6,"53":6,"54":6,"55":6},"b":{"1":[61,8],"2":[93,2],"3":[93,0],"4":[33,1],"5":[32,1],"6":[3,0],"7":[2,1],"8":[2,2],"9":[17,1],"10":[16,1],"11":[4,12],"12":[15,1],"13":[16,1],"14":[15,1],"15":[9,0],"16":[8,1],"17":[7,1],"18":[4,0],"19":[2,2],"20":[2,0],"21":[11,0],"22":[10,1],"23":[10,0],"24":[4,0],"25":[2,2],"26":[2,0],"27":[10,0],"28":[9,1],"29":[9,0],"30":[8,1],"31":[6,2],"32":[5,1],"33":[4,1],"34":[5,0],"35":[4,1],"36":[3,1],"37":[1,1],"38":[1,0],"39":[1,1],"40":[1,0],"41":[1,1],"42":[1,0],"43":[1,1],"44":[1,0],"45":[1,1],"46":[1,0],"47":[1,1],"48":[1,0],"49":[3,0],"50":[3,0],"51":[1,2],"52":[3,6]},"f":{"1":96,"2":69,"3":95,"4":2,"5":33,"6":3,"7":4,"8":17,"9":15,"10":9,"11":4,"12":11,"13":4,"14":10,"15":9,"16":5,"17":1,"18":1,"19":1,"20":1,"21":1,"22":1,"23":3,"24":1,"25":9},"fnMap":{"1":{"name":"constructor","line":55,"loc":{"start":{"line":55,"column":4},"end":{"line":74,"column":4}}},"2":{"name":"onlyOwner","line":80,"loc":{"start":{"line":80,"column":4},"end":{"line":83,"column":4}}},"3":{"name":"notPanicked","line":85,"loc":{"start":{"line":85,"column":4},"end":{"line":89,"column":4}}},"4":{"name":"setVotingStrategy","line":92,"loc":{"start":{"line":92,"column":4},"end":{"line":95,"column":4}}},"5":{"name":"setPanicWallet","line":97,"loc":{"start":{"line":97,"column":4},"end":{"line":101,"column":4}}},"6":{"name":"panico","line":103,"loc":{"start":{"line":103,"column":4},"end":{"line":107,"column":4}}},"7":{"name":"tranquilidad","line":109,"loc":{"start":{"line":109,"column":4},"end":{"line":113,"column":4}}},"8":{"name":"buyTokens","line":116,"loc":{"start":{"line":116,"column":4},"end":{"line":125,"column":4}}},"9":{"name":"mintTokens","line":127,"loc":{"start":{"line":127,"column":4},"end":{"line":129,"column":4}}},"10":{"name":"stakeForVote","line":132,"loc":{"start":{"line":132,"column":4},"end":{"line":137,"column":4}}},"11":{"name":"unstakeVotes","line":139,"loc":{"start":{"line":139,"column":4},"end":{"line":144,"column":4}}},"12":{"name":"stakeForProposal","line":147,"loc":{"start":{"line":147,"column":4},"end":{"line":152,"column":4}}},"13":{"name":"unstakeProposals","line":154,"loc":{"start":{"line":154,"column":4},"end":{"line":159,"column":4}}},"14":{"name":"createProposal","line":162,"loc":{"start":{"line":162,"column":4},"end":{"line":173,"column":4}}},"15":{"name":"vote","line":175,"loc":{"start":{"line":175,"column":4},"end":{"line":185,"column":4}}},"16":{"name":"finalizeProposal","line":187,"loc":{"start":{"line":187,"column":4},"end":{"line":197,"column":4}}},"17":{"name":"setTokenPriceWei","line":200,"loc":{"start":{"line":200,"column":4},"end":{"line":202,"column":4}}},"18":{"name":"setLockPeriod","line":203,"loc":{"start":{"line":203,"column":4},"end":{"line":205,"column":4}}},"19":{"name":"setProposalDuration","line":206,"loc":{"start":{"line":206,"column":4},"end":{"line":208,"column":4}}},"20":{"name":"setVoteUnit","line":209,"loc":{"start":{"line":209,"column":4},"end":{"line":211,"column":4}}},"21":{"name":"setMinStakeVote","line":212,"loc":{"start":{"line":212,"column":4},"end":{"line":214,"column":4}}},"22":{"name":"setMinStakePropose","line":215,"loc":{"start":{"line":215,"column":4},"end":{"line":217,"column":4}}},"23":{"name":"transferOwnership","line":218,"loc":{"start":{"line":218,"column":4},"end":{"line":221,"column":4}}},"24":{"name":"proposalCount","line":224,"loc":{"start":{"line":224,"column":4},"end":{"line":226,"column":4}}},"25":{"name":"_toString","line":229,"loc":{"start":{"line":229,"column":4},"end":{"line":246,"column":4}}}},"statementMap":{"1":{"start":{"line":81,"column":8},"end":{"line":81,"column":49}},"2":{"start":{"line":86,"column":8},"end":{"line":86,"column":44}},"3":{"start":{"line":87,"column":8},"end":{"line":87,"column":72}},"4":{"start":{"line":94,"column":8},"end":{"line":94,"column":38}},"5":{"start":{"line":98,"column":8},"end":{"line":98,"column":75}},"6":{"start":{"line":99,"column":8},"end":{"line":99,"column":67}},"7":{"start":{"line":104,"column":8},"end":{"line":104,"column":66}},"8":{"start":{"line":105,"column":8},"end":{"line":105,"column":72}},"9":{"start":{"line":110,"column":8},"end":{"line":110,"column":72}},"10":{"start":{"line":111,"column":8},"end":{"line":111,"column":84}},"11":{"start":{"line":117,"column":8},"end":{"line":117,"column":62}},"12":{"start":{"line":118,"column":8},"end":{"line":118,"column":59}},"13":{"start":{"line":119,"column":8},"end":{"line":119,"column":59}},"14":{"start":{"line":120,"column":8},"end":{"line":120,"column":4010}},"15":{"start":{"line":123,"column":8},"end":{"line":123,"column":68}},"16":{"start":{"line":124,"column":8},"end":{"line":124,"column":41}},"17":{"start":{"line":128,"column":8},"end":{"line":128,"column":40}},"18":{"start":{"line":133,"column":8},"end":{"line":133,"column":59}},"19":{"start":{"line":134,"column":8},"end":{"line":134,"column":88}},"20":{"start":{"line":140,"column":8},"end":{"line":140,"column":88}},"21":{"start":{"line":141,"column":8},"end":{"line":141,"column":47}},"22":{"start":{"line":143,"column":8},"end":{"line":143,"column":69}},"23":{"start":{"line":148,"column":8},"end":{"line":148,"column":65}},"24":{"start":{"line":149,"column":8},"end":{"line":149,"column":88}},"25":{"start":{"line":155,"column":8},"end":{"line":155,"column":91}},"26":{"start":{"line":156,"column":8},"end":{"line":156,"column":49}},"27":{"start":{"line":158,"column":8},"end":{"line":158,"column":69}},"28":{"start":{"line":163,"column":8},"end":{"line":163,"column":83}},"29":{"start":{"line":165,"column":8},"end":{"line":165,"column":54}},"30":{"start":{"line":172,"column":8},"end":{"line":172,"column":46}},"31":{"start":{"line":176,"column":8},"end":{"line":176,"column":50}},"32":{"start":{"line":177,"column":8},"end":{"line":177,"column":62}},"33":{"start":{"line":178,"column":8},"end":{"line":178,"column":56}},"34":{"start":{"line":179,"column":8},"end":{"line":179,"column":58}},"35":{"start":{"line":180,"column":8},"end":{"line":180,"column":54}},"36":{"start":{"line":181,"column":8},"end":{"line":181,"column":6724}},"37":{"start":{"line":184,"column":8},"end":{"line":184,"column":59}},"38":{"start":{"line":188,"column":8},"end":{"line":188,"column":50}},"39":{"start":{"line":189,"column":8},"end":{"line":189,"column":63}},"40":{"start":{"line":190,"column":8},"end":{"line":190,"column":48}},"41":{"start":{"line":191,"column":8},"end":{"line":191,"column":59}},"42":{"start":{"line":192,"column":8},"end":{"line":192,"column":212}},"43":{"start":{"line":193,"column":8},"end":{"line":193,"column":89}},"44":{"start":{"line":194,"column":8},"end":{"line":194,"column":126}},"45":{"start":{"line":196,"column":8},"end":{"line":196,"column":44}},"46":{"start":{"line":219,"column":8},"end":{"line":219,"column":62}},"47":{"start":{"line":225,"column":8},"end":{"line":225,"column":29}},"48":{"start":{"line":230,"column":8},"end":{"line":230,"column":9004}},"49":{"start":{"line":231,"column":12},"end":{"line":231,"column":22}},"50":{"start":{"line":233,"column":8},"end":{"line":233,"column":28}},"51":{"start":{"line":234,"column":8},"end":{"line":234,"column":22}},"52":{"start":{"line":235,"column":8},"end":{"line":235,"column":9123}},"53":{"start":{"line":239,"column":8},"end":{"line":239,"column":47}},"54":{"start":{"line":240,"column":8},"end":{"line":240,"column":9261}},"55":{"start":{"line":245,"column":8},"end":{"line":245,"column":29}}},"branchMap":{"1":{"line":81,"type":"if","locations":[{"start":{"line":81,"column":8},"end":{"line":81,"column":8}},{"start":{"line":81,"column":8},"end":{"line":81,"column":8}}]},"2":{"line":86,"type":"if","locations":[{"start":{"line":86,"column":8},"end":{"line":86,"column":8}},{"start":{"line":86,"column":8},"end":{"line":86,"column":8}}]},"3":{"line":87,"type":"if","locations":[{"start":{"line":87,"column":8},"end":{"line":87,"column":8}},{"start":{"line":87,"column":8},"end":{"line":87,"column":8}}]},"4":{"line":97,"type":"if","locations":[{"start":{"line":97,"column":59},"end":{"line":97,"column":59}},{"start":{"line":97,"column":59},"end":{"line":97,"column":59}}]},"5":{"line":99,"type":"if","locations":[{"start":{"line":99,"column":8},"end":{"line":99,"column":8}},{"start":{"line":99,"column":8},"end":{"line":99,"column":8}}]},"6":{"line":103,"type":"if","locations":[{"start":{"line":103,"column":31},"end":{"line":103,"column":31}},{"start":{"line":103,"column":31},"end":{"line":103,"column":31}}]},"7":{"line":105,"type":"if","locations":[{"start":{"line":105,"column":8},"end":{"line":105,"column":8}},{"start":{"line":105,"column":8},"end":{"line":105,"column":8}}]},"8":{"line":111,"type":"if","locations":[{"start":{"line":111,"column":8},"end":{"line":111,"column":8}},{"start":{"line":111,"column":8},"end":{"line":111,"column":8}}]},"9":{"line":116,"type":"if","locations":[{"start":{"line":116,"column":42},"end":{"line":116,"column":42}},{"start":{"line":116,"column":42},"end":{"line":116,"column":42}}]},"10":{"line":117,"type":"if","locations":[{"start":{"line":117,"column":8},"end":{"line":117,"column":8}},{"start":{"line":117,"column":8},"end":{"line":117,"column":8}}]},"11":{"line":120,"type":"if","locations":[{"start":{"line":120,"column":8},"end":{"line":120,"column":8}},{"start":{"line":120,"column":8},"end":{"line":120,"column":8}}]},"12":{"line":123,"type":"if","locations":[{"start":{"line":123,"column":8},"end":{"line":123,"column":8}},{"start":{"line":123,"column":8},"end":{"line":123,"column":8}}]},"13":{"line":127,"type":"if","locations":[{"start":{"line":127,"column":49},"end":{"line":127,"column":49}},{"start":{"line":127,"column":49},"end":{"line":127,"column":49}}]},"14":{"line":127,"type":"if","locations":[{"start":{"line":127,"column":59},"end":{"line":127,"column":59}},{"start":{"line":127,"column":59},"end":{"line":127,"column":59}}]},"15":{"line":132,"type":"if","locations":[{"start":{"line":132,"column":51},"end":{"line":132,"column":51}},{"start":{"line":132,"column":51},"end":{"line":132,"column":51}}]},"16":{"line":133,"type":"if","locations":[{"start":{"line":133,"column":8},"end":{"line":133,"column":8}},{"start":{"line":133,"column":8},"end":{"line":133,"column":8}}]},"17":{"line":134,"type":"if","locations":[{"start":{"line":134,"column":8},"end":{"line":134,"column":8}},{"start":{"line":134,"column":8},"end":{"line":134,"column":8}}]},"18":{"line":139,"type":"if","locations":[{"start":{"line":139,"column":37},"end":{"line":139,"column":37}},{"start":{"line":139,"column":37},"end":{"line":139,"column":37}}]},"19":{"line":140,"type":"if","locations":[{"start":{"line":140,"column":8},"end":{"line":140,"column":8}},{"start":{"line":140,"column":8},"end":{"line":140,"column":8}}]},"20":{"line":143,"type":"if","locations":[{"start":{"line":143,"column":8},"end":{"line":143,"column":8}},{"start":{"line":143,"column":8},"end":{"line":143,"column":8}}]},"21":{"line":147,"type":"if","locations":[{"start":{"line":147,"column":55},"end":{"line":147,"column":55}},{"start":{"line":147,"column":55},"end":{"line":147,"column":55}}]},"22":{"line":148,"type":"if","locations":[{"start":{"line":148,"column":8},"end":{"line":148,"column":8}},{"start":{"line":148,"column":8},"end":{"line":148,"column":8}}]},"23":{"line":149,"type":"if","locations":[{"start":{"line":149,"column":8},"end":{"line":149,"column":8}},{"start":{"line":149,"column":8},"end":{"line":149,"column":8}}]},"24":{"line":154,"type":"if","locations":[{"start":{"line":154,"column":41},"end":{"line":154,"column":41}},{"start":{"line":154,"column":41},"end":{"line":154,"column":41}}]},"25":{"line":155,"type":"if","locations":[{"start":{"line":155,"column":8},"end":{"line":155,"column":8}},{"start":{"line":155,"column":8},"end":{"line":155,"column":8}}]},"26":{"line":158,"type":"if","locations":[{"start":{"line":158,"column":8},"end":{"line":158,"column":8}},{"start":{"line":158,"column":8},"end":{"line":158,"column":8}}]},"27":{"line":162,"type":"if","locations":[{"start":{"line":162,"column":85},"end":{"line":162,"column":85}},{"start":{"line":162,"column":85},"end":{"line":162,"column":85}}]},"28":{"line":163,"type":"if","locations":[{"start":{"line":163,"column":8},"end":{"line":163,"column":8}},{"start":{"line":163,"column":8},"end":{"line":163,"column":8}}]},"29":{"line":175,"type":"if","locations":[{"start":{"line":175,"column":61},"end":{"line":175,"column":61}},{"start":{"line":175,"column":61},"end":{"line":175,"column":61}}]},"30":{"line":177,"type":"if","locations":[{"start":{"line":177,"column":8},"end":{"line":177,"column":8}},{"start":{"line":177,"column":8},"end":{"line":177,"column":8}}]},"31":{"line":178,"type":"if","locations":[{"start":{"line":178,"column":8},"end":{"line":178,"column":8}},{"start":{"line":178,"column":8},"end":{"line":178,"column":8}}]},"32":{"line":180,"type":"if","locations":[{"start":{"line":180,"column":8},"end":{"line":180,"column":8}},{"start":{"line":180,"column":8},"end":{"line":180,"column":8}}]},"33":{"line":181,"type":"if","locations":[{"start":{"line":181,"column":8},"end":{"line":181,"column":8}},{"start":{"line":181,"column":8},"end":{"line":181,"column":8}}]},"34":{"line":187,"type":"if","locations":[{"start":{"line":187,"column":59},"end":{"line":187,"column":59}},{"start":{"line":187,"column":59},"end":{"line":187,"column":59}}]},"35":{"line":189,"type":"if","locations":[{"start":{"line":189,"column":8},"end":{"line":189,"column":8}},{"start":{"line":189,"column":8},"end":{"line":189,"column":8}}]},"36":{"line":190,"type":"if","locations":[{"start":{"line":190,"column":8},"end":{"line":190,"column":8}},{"start":{"line":190,"column":8},"end":{"line":190,"column":8}}]},"37":{"line":200,"type":"if","locations":[{"start":{"line":200,"column":63},"end":{"line":200,"column":63}},{"start":{"line":200,"column":63},"end":{"line":200,"column":63}}]},"38":{"line":200,"type":"if","locations":[{"start":{"line":200,"column":73},"end":{"line":200,"column":73}},{"start":{"line":200,"column":73},"end":{"line":200,"column":73}}]},"39":{"line":203,"type":"if","locations":[{"start":{"line":203,"column":57},"end":{"line":203,"column":57}},{"start":{"line":203,"column":57},"end":{"line":203,"column":57}}]},"40":{"line":203,"type":"if","locations":[{"start":{"line":203,"column":67},"end":{"line":203,"column":67}},{"start":{"line":203,"column":67},"end":{"line":203,"column":67}}]},"41":{"line":206,"type":"if","locations":[{"start":{"line":206,"column":69},"end":{"line":206,"column":69}},{"start":{"line":206,"column":69},"end":{"line":206,"column":69}}]},"42":{"line":206,"type":"if","locations":[{"start":{"line":206,"column":79},"end":{"line":206,"column":79}},{"start":{"line":206,"column":79},"end":{"line":206,"column":79}}]},"43":{"line":209,"type":"if","locations":[{"start":{"line":209,"column":53},"end":{"line":209,"column":53}},{"start":{"line":209,"column":53},"end":{"line":209,"column":53}}]},"44":{"line":209,"type":"if","locations":[{"start":{"line":209,"column":63},"end":{"line":209,"column":63}},{"start":{"line":209,"column":63},"end":{"line":209,"column":63}}]},"45":{"line":212,"type":"if","locations":[{"start":{"line":212,"column":61},"end":{"line":212,"column":61}},{"start":{"line":212,"column":61},"end":{"line":212,"column":61}}]},"46":{"line":212,"type":"if","locations":[{"start":{"line":212,"column":71},"end":{"line":212,"column":71}},{"start":{"line":212,"column":71},"end":{"line":212,"column":71}}]},"47":{"line":215,"type":"if","locations":[{"start":{"line":215,"column":67},"end":{"line":215,"column":67}},{"start":{"line":215,"column":67},"end":{"line":215,"column":67}}]},"48":{"line":215,"type":"if","locations":[{"start":{"line":215,"column":77},"end":{"line":215,"column":77}},{"start":{"line":215,"column":77},"end":{"line":215,"column":77}}]},"49":{"line":218,"type":"if","locations":[{"start":{"line":218,"column":58},"end":{"line":218,"column":58}},{"start":{"line":218,"column":58},"end":{"line":218,"column":58}}]},"50":{"line":218,"type":"if","locations":[{"start":{"line":218,"column":68},"end":{"line":218,"column":68}},{"start":{"line":218,"column":68},"end":{"line":218,"column":68}}]},"51":{"line":219,"type":"if","locations":[{"start":{"line":219,"column":8},"end":{"line":219,"column":8}},{"start":{"line":219,"column":8},"end":{"line":219,"column":8}}]},"52":{"line":230,"type":"if","locations":[{"start":{"line":230,"column":8},"end":{"line":230,"column":8}},{"start":{"line":230,"column":8},"end":{"line":230,"column":8}}]}}},"contracts\\FullQuorumMajorityStrategy.sol":{"l":{"21":6},"path":"C:\\Users\\juanp\\source\\repos\\ObligatorioTaller2\\backend\\contracts\\FullQuorumMajorityStrategy.sol","s":{"1":6},"b":{},"f":{"1":6},"fnMap":{"1":{"name":"isAccepted","line":16,"loc":{"start":{"line":16,"column":4},"end":{"line":22,"column":4}}}},"statementMap":{"1":{"start":{"line":21,"column":8},"end":{"line":21,"column":46}}},"branchMap":{}},"contracts\\IVotingStrategy.sol":{"l":{},"path":"C:\\Users\\juanp\\source\\repos\\ObligatorioTaller2\\backend\\contracts\\IVotingStrategy.sol","s":{},"b":{},"f":{},"fnMap":{},"statementMap":{},"branchMap":{}},"contracts\\SimpleMajorityStrategy.sol":{"l":{"22":3},"path":"C:\\Users\\juanp\\source\\repos\\ObligatorioTaller2\\backend\\contracts\\SimpleMajorityStrategy.sol","s":{"1":3},"b":{},"f":{"1":3},"fnMap":{"1":{"name":"isAccepted","line":17,"loc":{"start":{"line":17,"column":4},"end":{"line":23,"column":4}}}},"statementMap":{"1":{"start":{"line":22,"column":8},"end":{"line":22,"column":38}}},"branchMap":{}},"contracts\\test\\DummyStrategy.sol":{"l":{"13":3},"path":"C:\\Users\\juanp\\source\\repos\\ObligatorioTaller2\\backend\\contracts\\test\\DummyStrategy.sol","s":{"1":3},"b":{},"f":{"1":3},"fnMap":{"1":{"name":"isAccepted","line":8,"loc":{"start":{"line":8,"column":4},"end":{"line":14,"column":4}}}},"statementMap":{"1":{"start":{"line":13,"column":8},"end":{"line":13,"column":38}}},"branchMap":{}},"contracts\\VotingToken.sol":{"l":{"12":108,"13":108,"19":18,"20":17},"path":"C:\\Users\\juanp\\source\\repos\\ObligatorioTaller2\\backend\\contracts\\VotingToken.sol","s":{"1":18,"2":17},"b":{"1":[17,1],"2":[16,1]},"f":{"1":108,"2":18},"fnMap":{"1":{"name":"constructor","line":11,"loc":{"start":{"line":11,"column":4},"end":{"line":14,"column":4}}},"2":{"name":"mint","line":18,"loc":{"start":{"line":18,"column":4},"end":{"line":21,"column":4}}}},"statementMap":{"1":{"start":{"line":19,"column":8},"end":{"line":19,"column":86}},"2":{"start":{"line":20,"column":8},"end":{"line":20,"column":24}}},"branchMap":{"1":{"line":19,"type":"if","locations":[{"start":{"line":19,"column":8},"end":{"line":19,"column":8}},{"start":{"line":19,"column":8},"end":{"line":19,"column":8}}]},"2":{"line":19,"type":"cond-expr","locations":[{"start":{"line":19,"column":16},"end":{"line":19,"column":32}},{"start":{"line":19,"column":37},"end":{"line":19,"column":55}}]}}}}